<?xml version="1.0" encoding="UTF-8"?>
<!-- Generated by org.testng.reporters.JUnitReportReporter -->
<testsuite hostname="Aditya" failures="0" tests="1" name="Test.loginTest" time="23.738" errors="0" timestamp="2025-01-20T12:41:35 IST" skipped="0">
  <testcase classname="Test.loginTest" name="loginuser" time="23.738"/>
  <system-out/>
</testsuite> <!-- Test.loginTest -->
