<?xml version="1.0" encoding="UTF-8"?>
<!-- Generated by org.testng.reporters.JUnitReportReporter -->
<testsuite hostname="Aditya" failures="0" tests="1" name="page_function.loginTest" time="23.064" errors="0" timestamp="2025-03-06T15:52:05 IST" skipped="0">
  <testcase classname="page_function.loginTest" name="loginuser" time="23.064"/>
  <system-out/>
</testsuite> <!-- page_function.loginTest -->
