<?xml version="1.0" encoding="UTF-8"?>
<!-- Generated by org.testng.reporters.JUnitReportReporter -->
<testsuite hostname="Aditya" failures="0" tests="1" name="Ui.Login" time="0.008" errors="0" timestamp="2025-01-03T16:13:27 IST" skipped="0">
  <testcase classname="Ui.Login" name="logintest" time="0.008"/>
  <system-out/>
</testsuite> <!-- Ui.Login -->
